-------------------------------------------------------------------------------
Test set: GuessTest
-------------------------------------------------------------------------------
Tests run: 1, Failures: 1, Errors: 0, Skipped: 0, Time elapsed: 0.032 s <<< FAILURE! - in GuessTest
test  Time elapsed: 0.02 s  <<< FAILURE!
org.opentest4j.AssertionFailedError: Not yet implemented
	at GuessTest.test(GuessTest.java:14)

